<?xml version="1.0" encoding="UTF-8"?>
<!-- Generated by org.testng.reporters.JUnitReportReporter -->
<testsuite skipped="0" hostname="LAPTOP-0RL8H8L8" name="qaclickacademy.javamaven.DatabaseConnection" tests="1" failures="0" timestamp="2020-11-16T20:04:47 IST" time="0.249" errors="0">
  <testcase name="DBConnection" time="0.249" classname="qaclickacademy.javamaven.DatabaseConnection"/>
  <system-out/>
</testsuite> <!-- qaclickacademy.javamaven.DatabaseConnection -->
