<?xml version="1.0" encoding="UTF-8"?>
<!-- Generated by org.testng.reporters.JUnitReportReporter -->
<testsuite skipped="0" hostname="LAPTOP-0RL8H8L8" name="qaclickacademy.javamaven.ecommerce1" tests="1" failures="0" timestamp="2020-11-16T14:59:39 IST" time="40.897" errors="0">
  <testcase name="Validation" time="40.897" classname="qaclickacademy.javamaven.ecommerce1"/>
  <system-out/>
</testsuite> <!-- qaclickacademy.javamaven.ecommerce1 -->
