<?xml version="1.0" encoding="UTF-8"?>
<!-- Generated by org.testng.reporters.JUnitReportReporter -->
<testsuite skipped="0" hostname="LAPTOP-0RL8H8L8" name="qaclickacademy.javamaven.basics" tests="2" failures="0" timestamp="2020-11-16T14:59:39 IST" time="45.511" errors="0">
  <testcase name="apiDemoTest" time="23.943" classname="qaclickacademy.javamaven.basics"/>
  <system-out/>
  <testcase name="apiDemoTest" time="21.568" classname="qaclickacademy.javamaven.basics"/>
  <system-out/>
</testsuite> <!-- qaclickacademy.javamaven.basics -->
