<?xml version="1.0" encoding="UTF-8"?>
<!-- Generated by org.testng.reporters.JUnitReportReporter -->
<testsuite skipped="0" hostname="LAPTOP-0RL8H8L8" name="qaclickacademy.javamaven.basics" tests="2" failures="0" timestamp="2020-11-16T15:28:53 IST" time="75.884" errors="0">
  <testcase name="apiDemoTest" time="36.594" classname="qaclickacademy.javamaven.basics"/>
  <system-out/>
  <testcase name="apiDemoTest" time="39.290" classname="qaclickacademy.javamaven.basics"/>
  <system-out/>
</testsuite> <!-- qaclickacademy.javamaven.basics -->
